Unity Editor version:    2021.3.35f1 (157b46ce122a)
Branch:                  2021.3/staging
Build type:              Release
Batch mode:              YES
System name:             Linux
Distro version:          #29~22.04.1-Ubuntu SMP PREEMPT_DYNAMIC Thu Apr  4 14:39:20 UTC 2
Kernel version:          6.5.0-28-generic
Architecture:            x86_64
Available memory:        7848 MB
Using pre-set license
Pro License: YES
Desktop is 1366 x 768 @ 60 Hz
Initialize udev device monitor.

COMMAND LINE ARGUMENTS:
Unity
-adb2
-batchMode
-noUpm
-name
AssetImportWorker0
-projectPath
/home/bilge/Oyunum/CMPE585-Spring24/TermProject
-logFile
Logs/AssetImportWorker0.log
-srvPort
40923
Successfully changed project path to: /home/bilge/Oyunum/CMPE585-Spring24/TermProject
/home/bilge/Oyunum/CMPE585-Spring24/TermProject
[UnityMemory] Configuration Parameters - Can be set up in boot.config
    "memorysetup-bucket-allocator-granularity=16"
    "memorysetup-bucket-allocator-bucket-count=8"
    "memorysetup-bucket-allocator-block-size=33554432"
    "memorysetup-bucket-allocator-block-count=8"
    "memorysetup-main-allocator-block-size=16777216"
    "memorysetup-thread-allocator-block-size=16777216"
    "memorysetup-gfx-main-allocator-block-size=16777216"
    "memorysetup-gfx-thread-allocator-block-size=16777216"
    "memorysetup-cache-allocator-block-size=4194304"
    "memorysetup-typetree-allocator-block-size=2097152"
    "memorysetup-profiler-bucket-allocator-granularity=16"
    "memorysetup-profiler-bucket-allocator-bucket-count=8"
    "memorysetup-profiler-bucket-allocator-block-size=33554432"
    "memorysetup-profiler-bucket-allocator-block-count=8"
    "memorysetup-profiler-allocator-block-size=16777216"
    "memorysetup-profiler-editor-allocator-block-size=1048576"
    "memorysetup-temp-allocator-size-main=16777216"
    "memorysetup-job-temp-allocator-block-size=2097152"
    "memorysetup-job-temp-allocator-block-size-background=1048576"
    "memorysetup-job-temp-allocator-reduction-small-platforms=262144"
    "memorysetup-temp-allocator-size-background-worker=32768"
    "memorysetup-temp-allocator-size-job-worker=262144"
    "memorysetup-temp-allocator-size-preload-manager=33554432"
    "memorysetup-temp-allocator-size-nav-mesh-worker=65536"
    "memorysetup-temp-allocator-size-audio-worker=65536"
    "memorysetup-temp-allocator-size-cloud-worker=32768"
    "memorysetup-temp-allocator-size-gi-baking-worker=262144"
    "memorysetup-temp-allocator-size-gfx=262144"
Player connection [123860320371584] Host "[IP] 172.21.3.99 [Port] 0 [Flags] 2 [Guid] 2391238849 [EditorId] 2391238849 [Version] 1048832 [Id] LinuxEditor(16,172.21.3.99) [Debug] 1 [PackageName] LinuxEditor [ProjectName] Editor" joined multi-casting on [225.0.0.222:54997]...

Player connection [123860320371584] Host "[IP] 172.21.3.99 [Port] 0 [Flags] 2 [Guid] 2391238849 [EditorId] 2391238849 [Version] 1048832 [Id] LinuxEditor(16,172.21.3.99) [Debug] 1 [PackageName] LinuxEditor [ProjectName] Editor" joined alternative multi-casting on [225.0.0.222:34997]...

[Physics::Module] Initialized MultithreadedJobDispatcher with {0} workers.
Refreshing native plugins compatible for Editor in 122,87 ms, found 0 plugins.
Preloading 0 native plugins for Editor in 0,00 ms.
Initialize engine version: 2021.3.35f1 (157b46ce122a)
[Subsystems] Discovering subsystems at path /home/bilge/Unity/Hub/Editor/2021.3.35f1/Editor/Data/Resources/UnitySubsystems
[Subsystems] Discovering subsystems at path /home/bilge/Oyunum/CMPE585-Spring24/TermProject/Assets
GLX Extensions: GLX_ARB_context_flush_control GLX_ARB_create_context GLX_ARB_create_context_no_error GLX_ARB_create_context_profile GLX_ARB_create_context_robustness GLX_ARB_fbconfig_float GLX_ARB_framebuffer_sRGB GLX_ARB_get_proc_address GLX_ARB_multisample GLX_EXT_buffer_age GLX_EXT_create_context_es2_profile GLX_EXT_create_context_es_profile GLX_EXT_fbconfig_packed_float GLX_EXT_framebuffer_sRGB GLX_EXT_no_config_context GLX_EXT_swap_control GLX_EXT_swap_control_tear GLX_EXT_texture_from_pixmap GLX_EXT_visual_info GLX_EXT_visual_rating GLX_MESA_copy_sub_buffer GLX_MESA_query_renderer GLX_MESA_swap_control GLX_OML_swap_method GLX_OML_sync_control GLX_SGIS_multisample GLX_SGIX_fbconfig GLX_SGIX_pbuffer GLX_SGIX_visual_select_group GLX_SGI_make_current_read GLX_SGI_video_sync 
Renderer: Mesa Intel(R) HD Graphics 520 (SKL GT2)
Vendor:   Intel
Version:  4.6 (Core Profile) Mesa 23.2.1-1ubuntu3.1~22.04.2
GLES:     0
 GL_3DFX_texture_compression_FXT1 GL_AMD_conservative_depth GL_AMD_depth_clamp_separate GL_AMD_draw_buffers_blend GL_AMD_gpu_shader_int64 GL_AMD_multi_draw_indirect GL_AMD_performance_monitor GL_AMD_pinned_memory GL_AMD_query_buffer_object GL_AMD_seamless_cubemap_per_texture GL_AMD_shader_stencil_export GL_AMD_shader_trinary_minmax GL_AMD_texture_texture4 GL_AMD_vertex_shader_layer GL_AMD_vertex_shader_viewport_index GL_ANGLE_texture_compression_dxt3 GL_ANGLE_texture_compression_dxt5 GL_ARB_ES2_compatibility GL_ARB_ES3_1_compatibility GL_ARB_ES3_2_compatibility GL_ARB_ES3_compatibility GL_ARB_arrays_of_arrays GL_ARB_base_instance GL_ARB_blend_func_extended GL_ARB_buffer_storage GL_ARB_clear_buffer_object GL_ARB_clear_texture GL_ARB_clip_control GL_ARB_compressed_texture_pixel_storage GL_ARB_compute_shader GL_ARB_compute_variable_group_size GL_ARB_conditional_render_inverted GL_ARB_conservative_depth GL_ARB_copy_buffer GL_ARB_copy_image GL_ARB_cull_distance GL_ARB_debug_output GL_ARB_depth_buffer_float GL_ARB
_depth_clamp GL_ARB_derivative_control GL_ARB_direct_state_access GL_ARB_draw_buffers GL_ARB_draw_buffers_blend GL_ARB_draw_elements_base_vertex GL_ARB_draw_indirect GL_ARB_draw_instanced GL_ARB_enhanced_layouts GL_ARB_explicit_attrib_location GL_ARB_explicit_uniform_location GL_ARB_fragment_coord_conventions GL_ARB_fragment_layer_viewport GL_ARB_fragment_shader GL_ARB_fragment_shader_interlock GL_ARB_framebuffer_no_attachments GL_ARB_framebuffer_object GL_ARB_framebuffer_sRGB GL_ARB_get_program_binary GL_ARB_get_texture_sub_image GL_ARB_gl_spirv GL_ARB_gpu_shader5 GL_ARB_gpu_shader_fp64 GL_ARB_gpu_shader_int64 GL_ARB_half_float_pixel GL_ARB_half_float_vertex GL_ARB_indirect_parameters GL_ARB_instanced_arrays GL_ARB_internalformat_query GL_ARB_internalformat_query2 GL_ARB_invalidate_subdata GL_ARB_map_buffer_alignment GL_ARB_map_buffer_range GL_ARB_multi_bind GL_ARB_multi_draw_indirect GL_ARB_occlusion_query2 GL_ARB_parallel_shader_compile GL_ARB_pipeline_statistics_query GL_ARB_pixel_buffer_object GL_ARB_po
int_sprite GL_ARB_polygon_offset_clamp GL_ARB_post_depth_coverage GL_ARB_program_interface_query GL_ARB_provoking_vertex GL_ARB_query_buffer_object GL_ARB_robust_buffer_access_behavior GL_ARB_robustness GL_ARB_sample_shading GL_ARB_sampler_objects GL_ARB_seamless_cube_map GL_ARB_seamless_cubemap_per_texture GL_ARB_separate_shader_objects GL_ARB_shader_atomic_counter_ops GL_ARB_shader_atomic_counters GL_ARB_shader_ballot GL_ARB_shader_bit_encoding GL_ARB_shader_clock GL_ARB_shader_draw_parameters GL_ARB_shader_group_vote GL_ARB_shader_image_load_store GL_ARB_shader_image_size GL_ARB_shader_objects GL_ARB_shader_precision GL_ARB_shader_stencil_export GL_ARB_shader_storage_buffer_object GL_ARB_shader_subroutine GL_ARB_shader_texture_image_samples GL_ARB_shader_texture_lod GL_ARB_shader_viewport_layer_array GL_ARB_shading_language_420pack GL_ARB_shading_language_include GL_ARB_shading_language_packing GL_ARB_spirv_extensions GL_ARB_stencil_texturing GL_ARB_sync GL_ARB_tessellation_shader GL_ARB_texture_barrier G
L_ARB_texture_buffer_object GL_ARB_texture_buffer_object_rgb32 GL_ARB_texture_buffer_range GL_ARB_texture_compression_bptc GL_ARB_texture_compression_rgtc GL_ARB_texture_cube_map_array GL_ARB_texture_filter_anisotropic GL_ARB_texture_float GL_ARB_texture_gather GL_ARB_texture_mirror_clamp_to_edge GL_ARB_texture_multisample GL_ARB_texture_non_power_of_two GL_ARB_texture_query_levels GL_ARB_texture_query_lod GL_ARB_texture_rectangle GL_ARB_texture_rg GL_ARB_texture_rgb10_a2ui GL_ARB_texture_stencil8 GL_ARB_texture_storage GL_ARB_texture_storage_multisample GL_ARB_texture_swizzle GL_ARB_texture_view GL_ARB_timer_query GL_ARB_transform_feedback2 GL_ARB_transform_feedback3 GL_ARB_transform_feedback_instanced GL_ARB_transform_feedback_overflow_query GL_ARB_uniform_buffer_object GL_ARB_vertex_array_bgra GL_ARB_vertex_array_object GL_ARB_vertex_attrib_64bit GL_ARB_vertex_attrib_binding GL_ARB_vertex_buffer_object GL_ARB_vertex_shader GL_ARB_vertex_type_10f_11f_11f_rev GL_ARB_vertex_type_2_10_10_10_rev GL_ARB_viewpor
t_array GL_ATI_blend_equation_separate GL_ATI_texture_float GL_EXT_EGL_image_storage GL_EXT_EGL_sync GL_EXT_abgr GL_EXT_blend_equation_separate GL_EXT_debug_label GL_EXT_demote_to_helper_invocation GL_EXT_draw_buffers2 GL_EXT_draw_instanced GL_EXT_framebuffer_blit GL_EXT_framebuffer_multisample GL_EXT_framebuffer_multisample_blit_scaled GL_EXT_framebuffer_object GL_EXT_framebuffer_sRGB GL_EXT_memory_object GL_EXT_memory_object_fd GL_EXT_packed_depth_stencil GL_EXT_packed_float GL_EXT_pixel_buffer_object GL_EXT_polygon_offset_clamp GL_EXT_provoking_vertex GL_EXT_semaphore GL_EXT_semaphore_fd GL_EXT_shader_framebuffer_fetch GL_EXT_shader_framebuffer_fetch_non_coherent GL_EXT_shader_integer_mix GL_EXT_shader_samples_identical GL_EXT_texture_array GL_EXT_texture_compression_dxt1 GL_EXT_texture_compression_rgtc GL_EXT_texture_compression_s3tc GL_EXT_texture_filter_anisotropic GL_EXT_texture_integer GL_EXT_texture_sRGB GL_EXT_texture_sRGB_R8 GL_EXT_texture_sRGB_decode GL_EXT_texture_shadow_lod GL_EXT_texture_share
d_exponent GL_EXT_texture_snorm GL_EXT_texture_swizzle GL_EXT_timer_query GL_EXT_transform_feedback GL_EXT_vertex_array_bgra GL_EXT_vertex_attrib_64bit GL_IBM_multimode_draw_arrays GL_INTEL_blackhole_render GL_INTEL_conservative_rasterization GL_INTEL_performance_query GL_INTEL_shader_atomic_float_minmax GL_INTEL_shader_integer_functions2 GL_KHR_blend_equation_advanced GL_KHR_blend_equation_advanced_coherent GL_KHR_context_flush_control GL_KHR_debug GL_KHR_no_error GL_KHR_parallel_shader_compile GL_KHR_robust_buffer_access_behavior GL_KHR_robustness GL_KHR_texture_compression_astc_ldr GL_KHR_texture_compression_astc_sliced_3d GL_MESA_framebuffer_flip_y GL_MESA_pack_invert GL_MESA_shader_integer_functions GL_MESA_texture_signed_rgba GL_NV_alpha_to_coverage_dither_control GL_NV_compute_shader_derivatives GL_NV_conditional_render GL_NV_copy_image GL_NV_depth_clamp GL_NV_fragment_shader_interlock GL_NV_packed_depth_stencil GL_NV_texture_barrier GL_OES_EGL_image GL_S3_s3tc
OPENGL LOG: Creating OpenGL 4.6 graphics device ; Context level  <OpenGL 4.5> ; Context handle -1195735312
Initialize mono
Mono path[0] = '/home/bilge/Unity/Hub/Editor/2021.3.35f1/Editor/Data/Managed'
Mono path[1] = '/home/bilge/Unity/Hub/Editor/2021.3.35f1/Editor/Data/MonoBleedingEdge/lib/mono/unityjit-linux'
Mono config path = '/home/bilge/Unity/Hub/Editor/2021.3.35f1/Editor/Data/MonoBleedingEdge/etc'
Using monoOptions --debugger-agent=transport=dt_socket,embedding=1,server=y,suspend=n,address=127.0.0.1:56692
Begin MonoManager ReloadAssembly
Registering precompiled unity dll's ...
Register platform support module: /home/bilge/Unity/Hub/Editor/2021.3.35f1/Editor/Data/PlaybackEngines/LinuxStandaloneSupport/UnityEditor.LinuxStandalone.Extensions.dll
Registered in 0,013871 seconds.
Native extension for LinuxStandalone target not found
Refreshing native plugins compatible for Editor in 132,50 ms, found 0 plugins.
Preloading 0 native plugins for Editor in 0,00 ms.
Mono: successfully reloaded assembly
- Completed reload, in  1,183 seconds
Domain Reload Profiling:
	ReloadAssembly (1184ms)
		BeginReloadAssembly (107ms)
			ExecutionOrderSort (0ms)
			DisableScriptedObjects (0ms)
			BackupInstance (0ms)
			ReleaseScriptingObjects (0ms)
			CreateAndSetChildDomain (2ms)
		EndReloadAssembly (888ms)
			LoadAssemblies (105ms)
			RebuildTransferFunctionScriptingTraits (0ms)
			SetupTypeCache (206ms)
			ReleaseScriptCaches (0ms)
			RebuildScriptCaches (57ms)
			SetupLoadedEditorAssemblies (543ms)
				LogAssemblyErrors (0ms)
				InitializePlatformSupportModulesInManaged (18ms)
				SetLoadedEditorAssemblies (0ms)
				RefreshPlugins (133ms)
				BeforeProcessingInitializeOnLoad (2ms)
				ProcessInitializeOnLoadAttributes (306ms)
				ProcessInitializeOnLoadMethodAttributes (84ms)
				AfterProcessingInitializeOnLoad (0ms)
				EditorAssembliesLoaded (0ms)
			ExecutionOrderSort2 (0ms)
			AwakeInstancesAfterBackupRestoration (0ms)
Platform modules already initialized, skipping
Registering precompiled user dll's ...
Registered in 0,003510 seconds.
Begin MonoManager ReloadAssembly
Native extension for LinuxStandalone target not found
Refreshing native plugins compatible for Editor in 0,83 ms, found 0 plugins.
Preloading 0 native plugins for Editor in 0,00 ms.
Package Manager log level set to [2]
[Package Manager] Server::EnsureServerProcessIsRunning -- launch failed, reason: Unity was launched with the -noUpm command-line argument
[Package Manager] Cannot connect to Unity Package Manager local server
Mono: successfully reloaded assembly
- Completed reload, in  1,554 seconds
Domain Reload Profiling:
	ReloadAssembly (1556ms)
		BeginReloadAssembly (168ms)
			ExecutionOrderSort (0ms)
			DisableScriptedObjects (13ms)
			BackupInstance (0ms)
			ReleaseScriptingObjects (0ms)
			CreateAndSetChildDomain (29ms)
		EndReloadAssembly (1228ms)
			LoadAssemblies (101ms)
			RebuildTransferFunctionScriptingTraits (0ms)
			SetupTypeCache (399ms)
			ReleaseScriptCaches (1ms)
			RebuildScriptCaches (93ms)
			SetupLoadedEditorAssemblies (553ms)
				LogAssemblyErrors (0ms)
				InitializePlatformSupportModulesInManaged (13ms)
				SetLoadedEditorAssemblies (1ms)
				RefreshPlugins (1ms)
				BeforeProcessingInitializeOnLoad (125ms)
				ProcessInitializeOnLoadAttributes (359ms)
				ProcessInitializeOnLoadMethodAttributes (41ms)
				AfterProcessingInitializeOnLoad (13ms)
				EditorAssembliesLoaded (0ms)
			ExecutionOrderSort2 (0ms)
			AwakeInstancesAfterBackupRestoration (9ms)
Platform modules already initialized, skipping
========================================================================
Worker process is ready to serve import requests
Launched and connected shader compiler UnityShaderCompiler after 0.02 seconds
Refreshing native plugins compatible for Editor in 0,58 ms, found 0 plugins.
Preloading 0 native plugins for Editor in 0,00 ms.
Unloading 3069 Unused Serialized files (Serialized files now loaded: 0)
Unloading 23 unused Assets / (37,0 KB). Loaded Objects now: 3533.
Memory consumption went from 104,3 MB to 104,3 MB.
Total: 7,248583 ms (FindLiveObjects: 0,377533 ms CreateObjectMapping: 0,344169 ms MarkObjects: 6,257592 ms  DeleteObjects: 0,267602 ms)

AssetImportParameters requested are different than current active one (requested -> active):
  custom:video-decoder-ogg-theora: a1e56fd34408186e4bbccfd4996cb3dc -> 
  custom:container-muxer-webm: aa71ff27fc2769a1b78a27578f13a17b -> 
  custom:container-demuxer-webm: 4f35f7cbe854078d1ac9338744f61a02 -> 
  custom:video-encoder-webm-vp8: eb34c28f22e8b96e1ab97ce403110664 -> 
  custom:CustomObjectIndexerAttribute: bc11b3a6c3213fcdd17b65e7da85e133 -> 
  custom:audio-encoder-webm-vorbis: bf7c407c2cedff20999df2af8eb42d56 -> 
  custom:SearchIndexIgnoredProperties: e643bd26f0fe6173181afceb89e7c659 -> 
  custom:container-demuxer-ogg: 62fdf1f143b41e24485cea50d1cbac27 -> 
  custom:video-decoder-webm-vp8: 9c59270c3fd7afecdb556c50c9e8de78 -> 
  custom:audio-decoder-ogg-vorbis: bf7c407c2cedff20999df2af8eb42d56 -> 
========================================================================
Received Import Request.
  Time since last request: 2364,922356 seconds.
  path: Assets/Prefabs/GameBoarders.prefab
  artifactKey: Guid(b29ade0a35f43647b93fba4bdf2a264f) Importer(815301076,1909f56bfc062723c751e8b465ee728b)
Number of updated assets reloaded before import = 0
Start importing Assets/Prefabs/GameBoarders.prefab using Guid(b29ade0a35f43647b93fba4bdf2a264f) Importer(815301076,1909f56bfc062723c751e8b465ee728b)  -> (artifact id: '21dc3aae68f52f80d4b868284a3a43b5') in 0,154129 seconds 
Number of asset objects unloaded after import = 126
========================================================================
Received Import Request.
  Time since last request: 8,867017 seconds.
  path: Assets/Prefabs/GameBoarders.prefab
  artifactKey: Guid(b29ade0a35f43647b93fba4bdf2a264f) Importer(815301076,1909f56bfc062723c751e8b465ee728b)
Number of updated assets reloaded before import = 0
Start importing Assets/Prefabs/GameBoarders.prefab using Guid(b29ade0a35f43647b93fba4bdf2a264f) Importer(815301076,1909f56bfc062723c751e8b465ee728b)  -> (artifact id: '339402768f16aeff00ff54aa3abbfa1f') in 0,008347 seconds 
Number of asset objects unloaded after import = 126
========================================================================
Received Import Request.
  Time since last request: 3,829626 seconds.
  path: Assets/Prefabs/GameBoarders.prefab
  artifactKey: Guid(b29ade0a35f43647b93fba4bdf2a264f) Importer(815301076,1909f56bfc062723c751e8b465ee728b)
Number of updated assets reloaded before import = 0
Start importing Assets/Prefabs/GameBoarders.prefab using Guid(b29ade0a35f43647b93fba4bdf2a264f) Importer(815301076,1909f56bfc062723c751e8b465ee728b)  -> (artifact id: '3dce1253f68a6ca3483f183ea600d0a7') in 0,009147 seconds 
Number of asset objects unloaded after import = 126
========================================================================
Received Import Request.
  Time since last request: 2,872247 seconds.
  path: Assets/Prefabs/GameBoarders.prefab
  artifactKey: Guid(b29ade0a35f43647b93fba4bdf2a264f) Importer(815301076,1909f56bfc062723c751e8b465ee728b)
Number of updated assets reloaded before import = 0
Start importing Assets/Prefabs/GameBoarders.prefab using Guid(b29ade0a35f43647b93fba4bdf2a264f) Importer(815301076,1909f56bfc062723c751e8b465ee728b)  -> (artifact id: '591e96f1ed34cfbe9d1eedac91d4252a') in 0,018601 seconds 
Number of asset objects unloaded after import = 126
========================================================================
Received Import Request.
  Time since last request: 3,701233 seconds.
  path: Assets/Prefabs/GameBoarders.prefab
  artifactKey: Guid(b29ade0a35f43647b93fba4bdf2a264f) Importer(815301076,1909f56bfc062723c751e8b465ee728b)
Number of updated assets reloaded before import = 0
Start importing Assets/Prefabs/GameBoarders.prefab using Guid(b29ade0a35f43647b93fba4bdf2a264f) Importer(815301076,1909f56bfc062723c751e8b465ee728b)  -> (artifact id: 'fd34df22317652b73664b401204429c5') in 0,009034 seconds 
Number of asset objects unloaded after import = 126
========================================================================
Received Import Request.
  Time since last request: 1,045568 seconds.
  path: Assets/Prefabs/GameBoarders.prefab
  artifactKey: Guid(b29ade0a35f43647b93fba4bdf2a264f) Importer(815301076,1909f56bfc062723c751e8b465ee728b)
Number of updated assets reloaded before import = 0
Start importing Assets/Prefabs/GameBoarders.prefab using Guid(b29ade0a35f43647b93fba4bdf2a264f) Importer(815301076,1909f56bfc062723c751e8b465ee728b)  -> (artifact id: 'f33baaad2ce781a857a8db92c89eeebe') in 0,009445 seconds 
Number of asset objects unloaded after import = 126
========================================================================
Received Import Request.
  Time since last request: 3,261324 seconds.
  path: Assets/Prefabs/GameBoarders.prefab
  artifactKey: Guid(b29ade0a35f43647b93fba4bdf2a264f) Importer(815301076,1909f56bfc062723c751e8b465ee728b)
Number of updated assets reloaded before import = 0
Start importing Assets/Prefabs/GameBoarders.prefab using Guid(b29ade0a35f43647b93fba4bdf2a264f) Importer(815301076,1909f56bfc062723c751e8b465ee728b)  -> (artifact id: 'ee0ce38de3947207f07e901dc78a3a7b') in 0,008929 seconds 
Number of asset objects unloaded after import = 126
========================================================================
Received Import Request.
  Time since last request: 1,409100 seconds.
  path: Assets/Prefabs/GameBoarders.prefab
  artifactKey: Guid(b29ade0a35f43647b93fba4bdf2a264f) Importer(815301076,1909f56bfc062723c751e8b465ee728b)
Number of updated assets reloaded before import = 0
Start importing Assets/Prefabs/GameBoarders.prefab using Guid(b29ade0a35f43647b93fba4bdf2a264f) Importer(815301076,1909f56bfc062723c751e8b465ee728b)  -> (artifact id: '977702cbed3d55acb3af033f9d2548f4') in 0,008791 seconds 
Number of asset objects unloaded after import = 126
========================================================================
Received Import Request.
  Time since last request: 5,329413 seconds.
  path: Assets/Prefabs/GameBoarders.prefab
  artifactKey: Guid(b29ade0a35f43647b93fba4bdf2a264f) Importer(815301076,1909f56bfc062723c751e8b465ee728b)
Number of updated assets reloaded before import = 0
Start importing Assets/Prefabs/GameBoarders.prefab using Guid(b29ade0a35f43647b93fba4bdf2a264f) Importer(815301076,1909f56bfc062723c751e8b465ee728b)  -> (artifact id: '7512f3cd0edea13ebd2bdfea1e4ac7bb') in 0,009468 seconds 
Number of asset objects unloaded after import = 126
========================================================================
Received Import Request.
  Time since last request: 7,335395 seconds.
  path: Assets/Prefabs/GameBoarders.prefab
  artifactKey: Guid(b29ade0a35f43647b93fba4bdf2a264f) Importer(815301076,1909f56bfc062723c751e8b465ee728b)
Number of updated assets reloaded before import = 0
Start importing Assets/Prefabs/GameBoarders.prefab using Guid(b29ade0a35f43647b93fba4bdf2a264f) Importer(815301076,1909f56bfc062723c751e8b465ee728b)  -> (artifact id: '42956600d8b953140e10c43d4be5eb1d') in 0,011399 seconds 
Number of asset objects unloaded after import = 126
========================================================================
Received Import Request.
  Time since last request: 3,558623 seconds.
  path: Assets/Prefabs/GameBoarders.prefab
  artifactKey: Guid(b29ade0a35f43647b93fba4bdf2a264f) Importer(815301076,1909f56bfc062723c751e8b465ee728b)
Number of updated assets reloaded before import = 0
Start importing Assets/Prefabs/GameBoarders.prefab using Guid(b29ade0a35f43647b93fba4bdf2a264f) Importer(815301076,1909f56bfc062723c751e8b465ee728b)  -> (artifact id: '8e83e39d712af6bdf468b76766408678') in 0,011093 seconds 
Number of asset objects unloaded after import = 126
========================================================================
Received Import Request.
  Time since last request: 5,543324 seconds.
  path: Assets/Prefabs/GameBoarders.prefab
  artifactKey: Guid(b29ade0a35f43647b93fba4bdf2a264f) Importer(815301076,1909f56bfc062723c751e8b465ee728b)
Number of updated assets reloaded before import = 0
Start importing Assets/Prefabs/GameBoarders.prefab using Guid(b29ade0a35f43647b93fba4bdf2a264f) Importer(815301076,1909f56bfc062723c751e8b465ee728b)  -> (artifact id: 'f3f99adf3d4194406bc85756e54ba15e') in 0,009360 seconds 
Number of asset objects unloaded after import = 126
========================================================================
Received Import Request.
  Time since last request: 4,321684 seconds.
  path: Assets/Prefabs/GameBoarders.prefab
  artifactKey: Guid(b29ade0a35f43647b93fba4bdf2a264f) Importer(815301076,1909f56bfc062723c751e8b465ee728b)
Number of updated assets reloaded before import = 0
Start importing Assets/Prefabs/GameBoarders.prefab using Guid(b29ade0a35f43647b93fba4bdf2a264f) Importer(815301076,1909f56bfc062723c751e8b465ee728b)  -> (artifact id: 'f53e5295a2ae38126ac7e9ce143c54cd') in 0,008744 seconds 
Number of asset objects unloaded after import = 126
========================================================================
Received Import Request.
  Time since last request: 3,288580 seconds.
  path: Assets/Prefabs/GameBoarders.prefab
  artifactKey: Guid(b29ade0a35f43647b93fba4bdf2a264f) Importer(815301076,1909f56bfc062723c751e8b465ee728b)
Number of updated assets reloaded before import = 0
Start importing Assets/Prefabs/GameBoarders.prefab using Guid(b29ade0a35f43647b93fba4bdf2a264f) Importer(815301076,1909f56bfc062723c751e8b465ee728b)  -> (artifact id: '095cad80eb2c54d1bff477365b6b7037') in 0,010864 seconds 
Number of asset objects unloaded after import = 126
========================================================================
Received Import Request.
  Time since last request: 5,589738 seconds.
  path: Assets/Prefabs/GameBoarders.prefab
  artifactKey: Guid(b29ade0a35f43647b93fba4bdf2a264f) Importer(815301076,1909f56bfc062723c751e8b465ee728b)
Number of updated assets reloaded before import = 0
Start importing Assets/Prefabs/GameBoarders.prefab using Guid(b29ade0a35f43647b93fba4bdf2a264f) Importer(815301076,1909f56bfc062723c751e8b465ee728b)  -> (artifact id: 'aa266ef7a4382bfc84da95f8f011b5bd') in 0,009252 seconds 
Number of asset objects unloaded after import = 126
========================================================================
Received Import Request.
  Time since last request: 1,422959 seconds.
  path: Assets/Prefabs/GameBoarders.prefab
  artifactKey: Guid(b29ade0a35f43647b93fba4bdf2a264f) Importer(815301076,1909f56bfc062723c751e8b465ee728b)
Number of updated assets reloaded before import = 0
Start importing Assets/Prefabs/GameBoarders.prefab using Guid(b29ade0a35f43647b93fba4bdf2a264f) Importer(815301076,1909f56bfc062723c751e8b465ee728b)  -> (artifact id: 'adbef60ffba500c0a51e23e9e3015052') in 0,010727 seconds 
Number of asset objects unloaded after import = 126
========================================================================
Received Import Request.
  Time since last request: 4,269270 seconds.
  path: Assets/Prefabs/GameBoarders.prefab
  artifactKey: Guid(b29ade0a35f43647b93fba4bdf2a264f) Importer(815301076,1909f56bfc062723c751e8b465ee728b)
Number of updated assets reloaded before import = 0
Start importing Assets/Prefabs/GameBoarders.prefab using Guid(b29ade0a35f43647b93fba4bdf2a264f) Importer(815301076,1909f56bfc062723c751e8b465ee728b)  -> (artifact id: '44ee76356c86a2dd9e5b02268ef46283') in 0,009727 seconds 
Number of asset objects unloaded after import = 126
========================================================================
Received Import Request.
  Time since last request: 6,591663 seconds.
  path: Assets/Prefabs/GameBoarders.prefab
  artifactKey: Guid(b29ade0a35f43647b93fba4bdf2a264f) Importer(815301076,1909f56bfc062723c751e8b465ee728b)
Number of updated assets reloaded before import = 0
Start importing Assets/Prefabs/GameBoarders.prefab using Guid(b29ade0a35f43647b93fba4bdf2a264f) Importer(815301076,1909f56bfc062723c751e8b465ee728b)  -> (artifact id: '9eb74bd1501bd796c50a111c38f116f9') in 0,008879 seconds 
Number of asset objects unloaded after import = 126
========================================================================
Received Import Request.
  Time since last request: 2,657357 seconds.
  path: Assets/Prefabs/GameBoarders.prefab
  artifactKey: Guid(b29ade0a35f43647b93fba4bdf2a264f) Importer(815301076,1909f56bfc062723c751e8b465ee728b)
Number of updated assets reloaded before import = 0
Start importing Assets/Prefabs/GameBoarders.prefab using Guid(b29ade0a35f43647b93fba4bdf2a264f) Importer(815301076,1909f56bfc062723c751e8b465ee728b)  -> (artifact id: '775a0d57c99adce5b48b2af112f0858f') in 0,008743 seconds 
Number of asset objects unloaded after import = 126
========================================================================
Received Import Request.
  Time since last request: 1,619372 seconds.
  path: Assets/Prefabs/GameBoarders.prefab
  artifactKey: Guid(b29ade0a35f43647b93fba4bdf2a264f) Importer(815301076,1909f56bfc062723c751e8b465ee728b)
Number of updated assets reloaded before import = 0
Start importing Assets/Prefabs/GameBoarders.prefab using Guid(b29ade0a35f43647b93fba4bdf2a264f) Importer(815301076,1909f56bfc062723c751e8b465ee728b)  -> (artifact id: 'cd60c2e53b1856c7f52a4b8c19750225') in 0,008779 seconds 
Number of asset objects unloaded after import = 126
========================================================================
Received Import Request.
  Time since last request: 2,007619 seconds.
  path: Assets/Prefabs/GameBoarders.prefab
  artifactKey: Guid(b29ade0a35f43647b93fba4bdf2a264f) Importer(815301076,1909f56bfc062723c751e8b465ee728b)
Number of updated assets reloaded before import = 0
Start importing Assets/Prefabs/GameBoarders.prefab using Guid(b29ade0a35f43647b93fba4bdf2a264f) Importer(815301076,1909f56bfc062723c751e8b465ee728b)  -> (artifact id: '899c3e58016fdde96d1890eca1485048') in 0,009939 seconds 
Number of asset objects unloaded after import = 126
========================================================================
Received Import Request.
  Time since last request: 8,449525 seconds.
  path: Assets/Prefabs/GameBoarders.prefab
  artifactKey: Guid(b29ade0a35f43647b93fba4bdf2a264f) Importer(815301076,1909f56bfc062723c751e8b465ee728b)
Number of updated assets reloaded before import = 0
Start importing Assets/Prefabs/GameBoarders.prefab using Guid(b29ade0a35f43647b93fba4bdf2a264f) Importer(815301076,1909f56bfc062723c751e8b465ee728b)  -> (artifact id: 'beccc41d719132bbd5df5a8b1a6afbd1') in 0,008926 seconds 
Number of asset objects unloaded after import = 126
========================================================================
Received Import Request.
  Time since last request: 4,842011 seconds.
  path: Assets/Prefabs/GameBoarders.prefab
  artifactKey: Guid(b29ade0a35f43647b93fba4bdf2a264f) Importer(815301076,1909f56bfc062723c751e8b465ee728b)
Number of updated assets reloaded before import = 0
Start importing Assets/Prefabs/GameBoarders.prefab using Guid(b29ade0a35f43647b93fba4bdf2a264f) Importer(815301076,1909f56bfc062723c751e8b465ee728b)  -> (artifact id: '62391998a40f9f48967c685d56f1c9bf') in 0,009645 seconds 
Number of asset objects unloaded after import = 131
========================================================================
Received Import Request.
  Time since last request: 3,483048 seconds.
  path: Assets/Prefabs/GameBoarders.prefab
  artifactKey: Guid(b29ade0a35f43647b93fba4bdf2a264f) Importer(815301076,1909f56bfc062723c751e8b465ee728b)
Number of updated assets reloaded before import = 0
Start importing Assets/Prefabs/GameBoarders.prefab using Guid(b29ade0a35f43647b93fba4bdf2a264f) Importer(815301076,1909f56bfc062723c751e8b465ee728b)  -> (artifact id: '9131ee4e0e3941e948e397a731011ce1') in 0,010839 seconds 
Number of asset objects unloaded after import = 131
========================================================================
Received Import Request.
  Time since last request: 6,720664 seconds.
  path: Assets/Prefabs/GameBoarders.prefab
  artifactKey: Guid(b29ade0a35f43647b93fba4bdf2a264f) Importer(815301076,1909f56bfc062723c751e8b465ee728b)
Number of updated assets reloaded before import = 0
Start importing Assets/Prefabs/GameBoarders.prefab using Guid(b29ade0a35f43647b93fba4bdf2a264f) Importer(815301076,1909f56bfc062723c751e8b465ee728b)  -> (artifact id: '04586e33f3128d17b3cd315068f68d31') in 0,008840 seconds 
Number of asset objects unloaded after import = 131
========================================================================
Received Import Request.
  Time since last request: 2,049369 seconds.
  path: Assets/Prefabs/GameBoarders.prefab
  artifactKey: Guid(b29ade0a35f43647b93fba4bdf2a264f) Importer(815301076,1909f56bfc062723c751e8b465ee728b)
Number of updated assets reloaded before import = 0
Start importing Assets/Prefabs/GameBoarders.prefab using Guid(b29ade0a35f43647b93fba4bdf2a264f) Importer(815301076,1909f56bfc062723c751e8b465ee728b)  -> (artifact id: '43c86e6a9df7006dde7f162b5541fb92') in 0,011494 seconds 
Number of asset objects unloaded after import = 131
========================================================================
Received Import Request.
  Time since last request: 3,912442 seconds.
  path: Assets/Prefabs/GameBoarders.prefab
  artifactKey: Guid(b29ade0a35f43647b93fba4bdf2a264f) Importer(815301076,1909f56bfc062723c751e8b465ee728b)
Number of updated assets reloaded before import = 0
Start importing Assets/Prefabs/GameBoarders.prefab using Guid(b29ade0a35f43647b93fba4bdf2a264f) Importer(815301076,1909f56bfc062723c751e8b465ee728b)  -> (artifact id: 'b8f770e379cf704180da2e4cb8622956') in 0,011256 seconds 
Number of asset objects unloaded after import = 131
========================================================================
Received Import Request.
  Time since last request: 2,830016 seconds.
  path: Assets/Prefabs/GameBoarders.prefab
  artifactKey: Guid(b29ade0a35f43647b93fba4bdf2a264f) Importer(815301076,1909f56bfc062723c751e8b465ee728b)
Number of updated assets reloaded before import = 0
Start importing Assets/Prefabs/GameBoarders.prefab using Guid(b29ade0a35f43647b93fba4bdf2a264f) Importer(815301076,1909f56bfc062723c751e8b465ee728b)  -> (artifact id: '7c707c42e83076608655ef4a99540166') in 0,011237 seconds 
Number of asset objects unloaded after import = 131
========================================================================
Received Import Request.
  Time since last request: 2,224265 seconds.
  path: Assets/Prefabs/GameBoarders.prefab
  artifactKey: Guid(b29ade0a35f43647b93fba4bdf2a264f) Importer(815301076,1909f56bfc062723c751e8b465ee728b)
Number of updated assets reloaded before import = 0
Start importing Assets/Prefabs/GameBoarders.prefab using Guid(b29ade0a35f43647b93fba4bdf2a264f) Importer(815301076,1909f56bfc062723c751e8b465ee728b)  -> (artifact id: '7623a6ab474b21c9c4f41fbf21b42e6a') in 0,010904 seconds 
Number of asset objects unloaded after import = 131
========================================================================
Received Import Request.
  Time since last request: 16,512977 seconds.
  path: Assets/Prefabs/GameBoarders.prefab
  artifactKey: Guid(b29ade0a35f43647b93fba4bdf2a264f) Importer(815301076,1909f56bfc062723c751e8b465ee728b)
Number of updated assets reloaded before import = 0
Start importing Assets/Prefabs/GameBoarders.prefab using Guid(b29ade0a35f43647b93fba4bdf2a264f) Importer(815301076,1909f56bfc062723c751e8b465ee728b)  -> (artifact id: '9046ddfdd7468acdd629496d89768183') in 0,009056 seconds 
Number of asset objects unloaded after import = 131
========================================================================
Received Import Request.
  Time since last request: 8,169930 seconds.
  path: Assets/Prefabs/GameBoarders.prefab
  artifactKey: Guid(b29ade0a35f43647b93fba4bdf2a264f) Importer(815301076,1909f56bfc062723c751e8b465ee728b)
Number of updated assets reloaded before import = 0
Start importing Assets/Prefabs/GameBoarders.prefab using Guid(b29ade0a35f43647b93fba4bdf2a264f) Importer(815301076,1909f56bfc062723c751e8b465ee728b)  -> (artifact id: 'f85448c934da1511ae561fc71a42685c') in 0,008632 seconds 
Number of asset objects unloaded after import = 131
========================================================================
Received Import Request.
  Time since last request: 5,595332 seconds.
  path: Assets/Prefabs/GameBoarders.prefab
  artifactKey: Guid(b29ade0a35f43647b93fba4bdf2a264f) Importer(815301076,1909f56bfc062723c751e8b465ee728b)
Number of updated assets reloaded before import = 0
Start importing Assets/Prefabs/GameBoarders.prefab using Guid(b29ade0a35f43647b93fba4bdf2a264f) Importer(815301076,1909f56bfc062723c751e8b465ee728b)  -> (artifact id: '7d6a4a1ae7c4728269f452d9305a2309') in 0,009953 seconds 
Number of asset objects unloaded after import = 131
========================================================================
Received Import Request.
  Time since last request: 4,703124 seconds.
  path: Assets/Prefabs/GameBoarders.prefab
  artifactKey: Guid(b29ade0a35f43647b93fba4bdf2a264f) Importer(815301076,1909f56bfc062723c751e8b465ee728b)
Number of updated assets reloaded before import = 0
Start importing Assets/Prefabs/GameBoarders.prefab using Guid(b29ade0a35f43647b93fba4bdf2a264f) Importer(815301076,1909f56bfc062723c751e8b465ee728b)  -> (artifact id: 'f1132934fb2b941863416457f9eec1d7') in 0,009737 seconds 
Number of asset objects unloaded after import = 136
========================================================================
Received Import Request.
  Time since last request: 4,292058 seconds.
  path: Assets/Prefabs/GameBoarders.prefab
  artifactKey: Guid(b29ade0a35f43647b93fba4bdf2a264f) Importer(815301076,1909f56bfc062723c751e8b465ee728b)
Number of updated assets reloaded before import = 0
Start importing Assets/Prefabs/GameBoarders.prefab using Guid(b29ade0a35f43647b93fba4bdf2a264f) Importer(815301076,1909f56bfc062723c751e8b465ee728b)  -> (artifact id: '4bc1149628e3bba047cf8e7df5ddcd56') in 0,009412 seconds 
Number of asset objects unloaded after import = 136
========================================================================
Received Import Request.
  Time since last request: 7,021504 seconds.
  path: Assets/Prefabs/GameBoarders.prefab
  artifactKey: Guid(b29ade0a35f43647b93fba4bdf2a264f) Importer(815301076,1909f56bfc062723c751e8b465ee728b)
Number of updated assets reloaded before import = 0
Start importing Assets/Prefabs/GameBoarders.prefab using Guid(b29ade0a35f43647b93fba4bdf2a264f) Importer(815301076,1909f56bfc062723c751e8b465ee728b)  -> (artifact id: '502d7d6dd526aef4f8b3a235f60bc8b4') in 0,008978 seconds 
Number of asset objects unloaded after import = 136
========================================================================
Received Import Request.
  Time since last request: 3,072196 seconds.
  path: Assets/Prefabs/GameBoarders.prefab
  artifactKey: Guid(b29ade0a35f43647b93fba4bdf2a264f) Importer(815301076,1909f56bfc062723c751e8b465ee728b)
Number of updated assets reloaded before import = 0
Start importing Assets/Prefabs/GameBoarders.prefab using Guid(b29ade0a35f43647b93fba4bdf2a264f) Importer(815301076,1909f56bfc062723c751e8b465ee728b)  -> (artifact id: 'e040e94f4c733d445a463e4800376c47') in 0,009407 seconds 
Number of asset objects unloaded after import = 136
========================================================================
Received Import Request.
  Time since last request: 2,649046 seconds.
  path: Assets/Prefabs/GameBoarders.prefab
  artifactKey: Guid(b29ade0a35f43647b93fba4bdf2a264f) Importer(815301076,1909f56bfc062723c751e8b465ee728b)
Number of updated assets reloaded before import = 0
Start importing Assets/Prefabs/GameBoarders.prefab using Guid(b29ade0a35f43647b93fba4bdf2a264f) Importer(815301076,1909f56bfc062723c751e8b465ee728b)  -> (artifact id: '900b6289114ee7f46711b6f69e0d6520') in 0,011034 seconds 
Number of asset objects unloaded after import = 136
========================================================================
Received Import Request.
  Time since last request: 6,430520 seconds.
  path: Assets/Prefabs/GameBoarders.prefab
  artifactKey: Guid(b29ade0a35f43647b93fba4bdf2a264f) Importer(815301076,1909f56bfc062723c751e8b465ee728b)
Number of updated assets reloaded before import = 0
Start importing Assets/Prefabs/GameBoarders.prefab using Guid(b29ade0a35f43647b93fba4bdf2a264f) Importer(815301076,1909f56bfc062723c751e8b465ee728b)  -> (artifact id: '60f65b6eaf9e4a5061c22162a4f85b47') in 0,009103 seconds 
Number of asset objects unloaded after import = 136
========================================================================
Received Import Request.
  Time since last request: 4,000213 seconds.
  path: Assets/Prefabs/GameBoarders.prefab
  artifactKey: Guid(b29ade0a35f43647b93fba4bdf2a264f) Importer(815301076,1909f56bfc062723c751e8b465ee728b)
Number of updated assets reloaded before import = 0
Start importing Assets/Prefabs/GameBoarders.prefab using Guid(b29ade0a35f43647b93fba4bdf2a264f) Importer(815301076,1909f56bfc062723c751e8b465ee728b)  -> (artifact id: 'b631e1fe155fddc598188d80adf4a888') in 0,008976 seconds 
Number of asset objects unloaded after import = 141
========================================================================
Received Import Request.
  Time since last request: 2,054400 seconds.
  path: Assets/Prefabs/GameBoarders.prefab
  artifactKey: Guid(b29ade0a35f43647b93fba4bdf2a264f) Importer(815301076,1909f56bfc062723c751e8b465ee728b)
Number of updated assets reloaded before import = 0
Start importing Assets/Prefabs/GameBoarders.prefab using Guid(b29ade0a35f43647b93fba4bdf2a264f) Importer(815301076,1909f56bfc062723c751e8b465ee728b)  -> (artifact id: '395b568a1bb05d9b225c2f31f2629483') in 0,009090 seconds 
Number of asset objects unloaded after import = 141
========================================================================
Received Import Request.
  Time since last request: 6,969400 seconds.
  path: Assets/Prefabs/GameBoarders.prefab
  artifactKey: Guid(b29ade0a35f43647b93fba4bdf2a264f) Importer(815301076,1909f56bfc062723c751e8b465ee728b)
Number of updated assets reloaded before import = 0
Start importing Assets/Prefabs/GameBoarders.prefab using Guid(b29ade0a35f43647b93fba4bdf2a264f) Importer(815301076,1909f56bfc062723c751e8b465ee728b)  -> (artifact id: '9a795e5bb34d2dc620a646a42feec3ca') in 0,010367 seconds 
Number of asset objects unloaded after import = 141
========================================================================
Received Import Request.
  Time since last request: 15,224850 seconds.
  path: Assets/Prefabs/GameBoarders.prefab
  artifactKey: Guid(b29ade0a35f43647b93fba4bdf2a264f) Importer(815301076,1909f56bfc062723c751e8b465ee728b)
Number of updated assets reloaded before import = 0
Start importing Assets/Prefabs/GameBoarders.prefab using Guid(b29ade0a35f43647b93fba4bdf2a264f) Importer(815301076,1909f56bfc062723c751e8b465ee728b)  -> (artifact id: '47869fa4a858ea4f41042eb6255478cf') in 0,009949 seconds 
Number of asset objects unloaded after import = 141
========================================================================
Received Import Request.
  Time since last request: 9,849649 seconds.
  path: Assets/Prefabs/GameBoarders.prefab
  artifactKey: Guid(b29ade0a35f43647b93fba4bdf2a264f) Importer(815301076,1909f56bfc062723c751e8b465ee728b)
Number of updated assets reloaded before import = 0
Start importing Assets/Prefabs/GameBoarders.prefab using Guid(b29ade0a35f43647b93fba4bdf2a264f) Importer(815301076,1909f56bfc062723c751e8b465ee728b)  -> (artifact id: 'f8392712bbdde7a8e005b1fb3c6a2d4e') in 0,010779 seconds 
Number of asset objects unloaded after import = 141
========================================================================
Received Prepare
Registering precompiled user dll's ...
Registered in 0,004382 seconds.
Begin MonoManager ReloadAssembly
Native extension for LinuxStandalone target not found
Refreshing native plugins compatible for Editor in 1,17 ms, found 0 plugins.
Preloading 0 native plugins for Editor in 0,00 ms.
[Package Manager] Server::EnsureServerProcessIsRunning -- launch failed, reason: Unity was launched with the -noUpm command-line argument
[Package Manager] Cannot connect to Unity Package Manager local server
Mono: successfully reloaded assembly
- Completed reload, in  2,305 seconds
Domain Reload Profiling:
	ReloadAssembly (2306ms)
		BeginReloadAssembly (211ms)
			ExecutionOrderSort (0ms)
			DisableScriptedObjects (13ms)
			BackupInstance (0ms)
			ReleaseScriptingObjects (0ms)
			CreateAndSetChildDomain (69ms)
		EndReloadAssembly (1927ms)
			LoadAssemblies (101ms)
			RebuildTransferFunctionScriptingTraits (1ms)
			SetupTypeCache (638ms)
			ReleaseScriptCaches (2ms)
			RebuildScriptCaches (92ms)
			SetupLoadedEditorAssemblies (964ms)
				LogAssemblyErrors (0ms)
				InitializePlatformSupportModulesInManaged (16ms)
				SetLoadedEditorAssemblies (1ms)
				RefreshPlugins (1ms)
				BeforeProcessingInitializeOnLoad (116ms)
				ProcessInitializeOnLoadAttributes (770ms)
				ProcessInitializeOnLoadMethodAttributes (47ms)
				AfterProcessingInitializeOnLoad (11ms)
				EditorAssembliesLoaded (0ms)
			ExecutionOrderSort2 (0ms)
			AwakeInstancesAfterBackupRestoration (9ms)
Platform modules already initialized, skipping
Refreshing native plugins compatible for Editor in 0,97 ms, found 0 plugins.
Preloading 0 native plugins for Editor in 0,00 ms.
Unloading 3062 Unused Serialized files (Serialized files now loaded: 0)
Unloading 18 unused Assets / (21,9 KB). Loaded Objects now: 3547.
Memory consumption went from 106,6 MB to 106,6 MB.
Total: 7,640364 ms (FindLiveObjects: 0,901560 ms CreateObjectMapping: 0,488971 ms MarkObjects: 6,180249 ms  DeleteObjects: 0,066488 ms)

AssetImportParameters requested are different than current active one (requested -> active):
  custom:video-decoder-ogg-theora: a1e56fd34408186e4bbccfd4996cb3dc -> 
  custom:container-muxer-webm: aa71ff27fc2769a1b78a27578f13a17b -> 
  custom:container-demuxer-webm: 4f35f7cbe854078d1ac9338744f61a02 -> 
  custom:video-encoder-webm-vp8: eb34c28f22e8b96e1ab97ce403110664 -> 
  custom:CustomObjectIndexerAttribute: bc11b3a6c3213fcdd17b65e7da85e133 -> 
  custom:audio-encoder-webm-vorbis: bf7c407c2cedff20999df2af8eb42d56 -> 
  custom:SearchIndexIgnoredProperties: e643bd26f0fe6173181afceb89e7c659 -> 
  custom:container-demuxer-ogg: 62fdf1f143b41e24485cea50d1cbac27 -> 
  custom:video-decoder-webm-vp8: 9c59270c3fd7afecdb556c50c9e8de78 -> 
  custom:audio-decoder-ogg-vorbis: bf7c407c2cedff20999df2af8eb42d56 -> 
========================================================================
Received Prepare
Registering precompiled user dll's ...
Registered in 0,003219 seconds.
Begin MonoManager ReloadAssembly
Native extension for LinuxStandalone target not found
Refreshing native plugins compatible for Editor in 0,88 ms, found 0 plugins.
Preloading 0 native plugins for Editor in 0,00 ms.
[Package Manager] Server::EnsureServerProcessIsRunning -- launch failed, reason: Unity was launched with the -noUpm command-line argument
[Package Manager] Cannot connect to Unity Package Manager local server
Mono: successfully reloaded assembly
- Completed reload, in  1,987 seconds
Domain Reload Profiling:
	ReloadAssembly (1989ms)
		BeginReloadAssembly (202ms)
			ExecutionOrderSort (0ms)
			DisableScriptedObjects (12ms)
			BackupInstance (0ms)
			ReleaseScriptingObjects (0ms)
			CreateAndSetChildDomain (61ms)
		EndReloadAssembly (1642ms)
			LoadAssemblies (97ms)
			RebuildTransferFunctionScriptingTraits (1ms)
			SetupTypeCache (394ms)
			ReleaseScriptCaches (2ms)
			RebuildScriptCaches (100ms)
			SetupLoadedEditorAssemblies (975ms)
				LogAssemblyErrors (0ms)
				InitializePlatformSupportModulesInManaged (15ms)
				SetLoadedEditorAssemblies (1ms)
				RefreshPlugins (1ms)
				BeforeProcessingInitializeOnLoad (121ms)
				ProcessInitializeOnLoadAttributes (776ms)
				ProcessInitializeOnLoadMethodAttributes (49ms)
				AfterProcessingInitializeOnLoad (13ms)
				EditorAssembliesLoaded (0ms)
			ExecutionOrderSort2 (0ms)
			AwakeInstancesAfterBackupRestoration (9ms)
Platform modules already initialized, skipping
Refreshing native plugins compatible for Editor in 0,95 ms, found 0 plugins.
Preloading 0 native plugins for Editor in 0,00 ms.
Unloading 3062 Unused Serialized files (Serialized files now loaded: 0)
Unloading 18 unused Assets / (21,9 KB). Loaded Objects now: 3550.
Memory consumption went from 106,6 MB to 106,6 MB.
Total: 6,425237 ms (FindLiveObjects: 0,476361 ms CreateObjectMapping: 0,411756 ms MarkObjects: 5,493212 ms  DeleteObjects: 0,042033 ms)

AssetImportParameters requested are different than current active one (requested -> active):
  custom:video-decoder-ogg-theora: a1e56fd34408186e4bbccfd4996cb3dc -> 
  custom:container-muxer-webm: aa71ff27fc2769a1b78a27578f13a17b -> 
  custom:container-demuxer-webm: 4f35f7cbe854078d1ac9338744f61a02 -> 
  custom:video-encoder-webm-vp8: eb34c28f22e8b96e1ab97ce403110664 -> 
  custom:CustomObjectIndexerAttribute: bc11b3a6c3213fcdd17b65e7da85e133 -> 
  custom:audio-encoder-webm-vorbis: bf7c407c2cedff20999df2af8eb42d56 -> 
  custom:SearchIndexIgnoredProperties: e643bd26f0fe6173181afceb89e7c659 -> 
  custom:container-demuxer-ogg: 62fdf1f143b41e24485cea50d1cbac27 -> 
  custom:video-decoder-webm-vp8: 9c59270c3fd7afecdb556c50c9e8de78 -> 
  custom:audio-decoder-ogg-vorbis: bf7c407c2cedff20999df2af8eb42d56 -> 
========================================================================
Received Prepare
Registering precompiled user dll's ...
Registered in 0,003388 seconds.
Begin MonoManager ReloadAssembly
Native extension for LinuxStandalone target not found
Refreshing native plugins compatible for Editor in 0,61 ms, found 0 plugins.
Preloading 0 native plugins for Editor in 0,00 ms.
[Package Manager] Server::EnsureServerProcessIsRunning -- launch failed, reason: Unity was launched with the -noUpm command-line argument
[Package Manager] Cannot connect to Unity Package Manager local server
Mono: successfully reloaded assembly
- Completed reload, in  2,280 seconds
Domain Reload Profiling:
	ReloadAssembly (2282ms)
		BeginReloadAssembly (172ms)
			ExecutionOrderSort (0ms)
			DisableScriptedObjects (8ms)
			BackupInstance (0ms)
			ReleaseScriptingObjects (0ms)
			CreateAndSetChildDomain (49ms)
		EndReloadAssembly (1966ms)
			LoadAssemblies (91ms)
			RebuildTransferFunctionScriptingTraits (0ms)
			SetupTypeCache (555ms)
			ReleaseScriptCaches (2ms)
			RebuildScriptCaches (100ms)
			SetupLoadedEditorAssemblies (1071ms)
				LogAssemblyErrors (0ms)
				InitializePlatformSupportModulesInManaged (15ms)
				SetLoadedEditorAssemblies (1ms)
				RefreshPlugins (1ms)
				BeforeProcessingInitializeOnLoad (106ms)
				ProcessInitializeOnLoadAttributes (837ms)
				ProcessInitializeOnLoadMethodAttributes (89ms)
				AfterProcessingInitializeOnLoad (21ms)
				EditorAssembliesLoaded (0ms)
			ExecutionOrderSort2 (0ms)
			AwakeInstancesAfterBackupRestoration (15ms)
Platform modules already initialized, skipping
Refreshing native plugins compatible for Editor in 1,22 ms, found 0 plugins.
Preloading 0 native plugins for Editor in 0,00 ms.
Unloading 3062 Unused Serialized files (Serialized files now loaded: 0)
Unloading 18 unused Assets / (22,0 KB). Loaded Objects now: 3553.
Memory consumption went from 106,6 MB to 106,6 MB.
Total: 8,946544 ms (FindLiveObjects: 0,497917 ms CreateObjectMapping: 0,605438 ms MarkObjects: 7,804679 ms  DeleteObjects: 0,036445 ms)

AssetImportParameters requested are different than current active one (requested -> active):
  custom:video-decoder-ogg-theora: a1e56fd34408186e4bbccfd4996cb3dc -> 
  custom:container-muxer-webm: aa71ff27fc2769a1b78a27578f13a17b -> 
  custom:container-demuxer-webm: 4f35f7cbe854078d1ac9338744f61a02 -> 
  custom:video-encoder-webm-vp8: eb34c28f22e8b96e1ab97ce403110664 -> 
  custom:CustomObjectIndexerAttribute: bc11b3a6c3213fcdd17b65e7da85e133 -> 
  custom:audio-encoder-webm-vorbis: bf7c407c2cedff20999df2af8eb42d56 -> 
  custom:SearchIndexIgnoredProperties: e643bd26f0fe6173181afceb89e7c659 -> 
  custom:container-demuxer-ogg: 62fdf1f143b41e24485cea50d1cbac27 -> 
  custom:video-decoder-webm-vp8: 9c59270c3fd7afecdb556c50c9e8de78 -> 
  custom:audio-decoder-ogg-vorbis: bf7c407c2cedff20999df2af8eb42d56 -> 
========================================================================
Received Import Request.
  Time since last request: 1757,710491 seconds.
  path: Assets/Prefabs/BallPit.prefab
  artifactKey: Guid(0adfde8f1564360ecb312cb0ece215aa) Importer(815301076,1909f56bfc062723c751e8b465ee728b)
Number of updated assets reloaded before import = 0
Start importing Assets/Prefabs/BallPit.prefab using Guid(0adfde8f1564360ecb312cb0ece215aa) Importer(815301076,1909f56bfc062723c751e8b465ee728b)  -> (artifact id: 'a002a4166a811ffffdb8fb0f58bf42a1') in 0,196442 seconds 
Number of asset objects unloaded after import = 2868
========================================================================
Received Import Request.
  Time since last request: 73,682391 seconds.
  path: Assets/Prefabs/GameBoarders.prefab
  artifactKey: Guid(b29ade0a35f43647b93fba4bdf2a264f) Importer(815301076,1909f56bfc062723c751e8b465ee728b)
Number of updated assets reloaded before import = 0
Start importing Assets/Prefabs/GameBoarders.prefab using Guid(b29ade0a35f43647b93fba4bdf2a264f) Importer(815301076,1909f56bfc062723c751e8b465ee728b)  -> (artifact id: 'f0ffd310bfebf938804c211f492b73d6') in 0,012016 seconds 
Number of asset objects unloaded after import = 141
========================================================================
Received Prepare
Registering precompiled user dll's ...
Registered in 0,004746 seconds.
Begin MonoManager ReloadAssembly
Native extension for LinuxStandalone target not found
Refreshing native plugins compatible for Editor in 0,71 ms, found 0 plugins.
Preloading 0 native plugins for Editor in 0,00 ms.
[Package Manager] Server::EnsureServerProcessIsRunning -- launch failed, reason: Unity was launched with the -noUpm command-line argument
[Package Manager] Cannot connect to Unity Package Manager local server
Mono: successfully reloaded assembly
- Completed reload, in  2,029 seconds
Domain Reload Profiling:
	ReloadAssembly (2031ms)
		BeginReloadAssembly (157ms)
			ExecutionOrderSort (0ms)
			DisableScriptedObjects (8ms)
			BackupInstance (0ms)
			ReleaseScriptingObjects (0ms)
			CreateAndSetChildDomain (45ms)
		EndReloadAssembly (1735ms)
			LoadAssemblies (80ms)
			RebuildTransferFunctionScriptingTraits (0ms)
			SetupTypeCache (483ms)
			ReleaseScriptCaches (2ms)
			RebuildScriptCaches (111ms)
			SetupLoadedEditorAssemblies (940ms)
				LogAssemblyErrors (0ms)
				InitializePlatformSupportModulesInManaged (16ms)
				SetLoadedEditorAssemblies (1ms)
				RefreshPlugins (1ms)
				BeforeProcessingInitializeOnLoad (123ms)
				ProcessInitializeOnLoadAttributes (745ms)
				ProcessInitializeOnLoadMethodAttributes (42ms)
				AfterProcessingInitializeOnLoad (12ms)
				EditorAssembliesLoaded (0ms)
			ExecutionOrderSort2 (0ms)
			AwakeInstancesAfterBackupRestoration (7ms)
Platform modules already initialized, skipping
Refreshing native plugins compatible for Editor in 0,67 ms, found 0 plugins.
Preloading 0 native plugins for Editor in 0,00 ms.
Unloading 3062 Unused Serialized files (Serialized files now loaded: 0)
Unloading 18 unused Assets / (21,9 KB). Loaded Objects now: 3557.
Memory consumption went from 107,0 MB to 107,0 MB.
Total: 5,996136 ms (FindLiveObjects: 0,340421 ms CreateObjectMapping: 0,320536 ms MarkObjects: 5,292465 ms  DeleteObjects: 0,041038 ms)

AssetImportParameters requested are different than current active one (requested -> active):
  custom:video-decoder-ogg-theora: a1e56fd34408186e4bbccfd4996cb3dc -> 
  custom:container-muxer-webm: aa71ff27fc2769a1b78a27578f13a17b -> 
  custom:container-demuxer-webm: 4f35f7cbe854078d1ac9338744f61a02 -> 
  custom:video-encoder-webm-vp8: eb34c28f22e8b96e1ab97ce403110664 -> 
  custom:CustomObjectIndexerAttribute: bc11b3a6c3213fcdd17b65e7da85e133 -> 
  custom:audio-encoder-webm-vorbis: bf7c407c2cedff20999df2af8eb42d56 -> 
  custom:SearchIndexIgnoredProperties: e643bd26f0fe6173181afceb89e7c659 -> 
  custom:container-demuxer-ogg: 62fdf1f143b41e24485cea50d1cbac27 -> 
  custom:video-decoder-webm-vp8: 9c59270c3fd7afecdb556c50c9e8de78 -> 
  custom:audio-decoder-ogg-vorbis: bf7c407c2cedff20999df2af8eb42d56 -> 
========================================================================
Received Import Request.
  Time since last request: 545,858164 seconds.
  path: Assets/Prefabs/Object Prefabs
  artifactKey: Guid(3496e1cfb21a67042a95bf9fde53e925) Importer(815301076,1909f56bfc062723c751e8b465ee728b)
Number of updated assets reloaded before import = 0
Start importing Assets/Prefabs/Object Prefabs using Guid(3496e1cfb21a67042a95bf9fde53e925) Importer(815301076,1909f56bfc062723c751e8b465ee728b)  -> (artifact id: 'd81e6a2c6c34ae16e436a7a4474274b7') in 0,009169 seconds 
Number of asset objects unloaded after import = 0
========================================================================
Received Import Request.
  Time since last request: 89,476011 seconds.
  path: Assets/Scripts
  artifactKey: Guid(e1b274ec8cda0d40f931b866c2772a37) Importer(815301076,1909f56bfc062723c751e8b465ee728b)
Number of updated assets reloaded before import = 0
Start importing Assets/Scripts using Guid(e1b274ec8cda0d40f931b866c2772a37) Importer(815301076,1909f56bfc062723c751e8b465ee728b)  -> (artifact id: 'c2664ba25cc242f082fc0cb5eefee891') in 0,002643 seconds 
Number of asset objects unloaded after import = 0
